[0.506s] Invoking command in '/home/long/tracker_ws/build/tutorial_pkg': CMAKE_PREFIX_PATH=${CMAKE_PREFIX_PATH}:/opt/ros/foxy /usr/bin/cmake --build /home/long/tracker_ws/build/tutorial_pkg -- -j4 -l4
[0.541s] -- Found ament_cmake: 0.9.12 (/opt/ros/foxy/share/ament_cmake/cmake)
[0.572s] -- Using PYTHON_EXECUTABLE: /usr/bin/python3
[0.770s] -- Override CMake install command with custom implementation using symlinks instead of copying resources
[0.777s] -- Found rclcpp: 2.4.3 (/opt/ros/foxy/share/rclcpp/cmake)
[0.812s] -- Using all available rosidl_typesupport_c: rosidl_typesupport_fastrtps_c;rosidl_typesupport_introspection_c
[0.816s] -- Found rosidl_adapter: 1.3.1 (/opt/ros/foxy/share/rosidl_adapter/cmake)
[0.944s] -- Using all available rosidl_typesupport_cpp: rosidl_typesupport_fastrtps_cpp;rosidl_typesupport_introspection_cpp
[0.996s] -- Found rmw_implementation_cmake: 1.0.4 (/opt/ros/foxy/share/rmw_implementation_cmake/cmake)
[0.997s] -- Using RMW implementation 'rmw_fastrtps_cpp' as default
[1.148s] -- Found sensor_msgs: 2.0.5 (/opt/ros/foxy/share/sensor_msgs/cmake)
[1.275s] -- Found std_srvs: 2.0.5 (/opt/ros/foxy/share/std_srvs/cmake)
[1.357s] -- Configuring done
[1.366s] -- Generating done
[1.368s] -- Build files have been written to: /home/long/tracker_ws/build/tutorial_pkg
[1.397s] [35m[1mScanning dependencies of target my_first_node[0m
[1.427s] [ 50%] [32mBuilding CXX object CMakeFiles/my_first_node.dir/src/my_first_node.cpp.o[0m
[2.867s] [01m[K/home/long/tracker_ws/src/tutorial_pkg/src/my_first_node.cpp:[m[K In constructor â€˜[01m[KMyNode::MyNode()[m[Kâ€™:
[2.867s] [01m[K/home/long/tracker_ws/src/tutorial_pkg/src/my_first_node.cpp:27:71:[m[K [01;31m[Kerror: [m[Kâ€˜[01m[K_1[m[Kâ€™ was not declared in this scope; did you mean â€˜[01m[Kstd::placeholders::_1[m[Kâ€™?
[2.867s]    27 |          "/image_counter", std::bind(&MyNode::counter_callback, this, [01;31m[K_1[m[K, _2));
[2.867s]       |                                                                       [01;31m[K^~[m[K
[2.868s]       |                                                                       [32m[Kstd::placeholders::_1[m[K
[2.868s] In file included from [01m[K/opt/ros/foxy/include/rclcpp/context.hpp:19[m[K,
[2.868s]                  from [01m[K/opt/ros/foxy/include/rclcpp/contexts/default_context.hpp:18[m[K,
[2.868s]                  from [01m[K/opt/ros/foxy/include/rclcpp/executor.hpp:32[m[K,
[2.868s]                  from [01m[K/opt/ros/foxy/include/rclcpp/executors/multi_threaded_executor.hpp:26[m[K,
[2.868s]                  from [01m[K/opt/ros/foxy/include/rclcpp/executors.hpp:21[m[K,
[2.868s]                  from [01m[K/opt/ros/foxy/include/rclcpp/rclcpp.hpp:146[m[K,
[2.868s]                  from [01m[K/home/long/tracker_ws/src/tutorial_pkg/src/my_first_node.cpp:3[m[K:
[2.868s] [01m[K/usr/include/c++/9/functional:211:34:[m[K [01;36m[Knote: [m[Kâ€˜[01m[Kstd::placeholders::_1[m[Kâ€™ declared here
[2.868s]   211 |     extern const _Placeholder<1> [01;36m[K_1[m[K;
[2.868s]       |                                  [01;36m[K^~[m[K
[2.868s] [01m[K/home/long/tracker_ws/src/tutorial_pkg/src/my_first_node.cpp:27:75:[m[K [01;31m[Kerror: [m[Kâ€˜[01m[K_2[m[Kâ€™ was not declared in this scope; did you mean â€˜[01m[Kstd::placeholders::_2[m[Kâ€™?
[2.868s]    27 |          "/image_counter", std::bind(&MyNode::counter_callback, this, _1, [01;31m[K_2[m[K));
[2.868s]       |                                                                           [01;31m[K^~[m[K
[2.868s]       |                                                                           [32m[Kstd::placeholders::_2[m[K
[2.868s] In file included from [01m[K/opt/ros/foxy/include/rclcpp/context.hpp:19[m[K,
[2.868s]                  from [01m[K/opt/ros/foxy/include/rclcpp/contexts/default_context.hpp:18[m[K,
[2.869s]                  from [01m[K/opt/ros/foxy/include/rclcpp/executor.hpp:32[m[K,
[2.869s]                  from [01m[K/opt/ros/foxy/include/rclcpp/executors/multi_threaded_executor.hpp:26[m[K,
[2.869s]                  from [01m[K/opt/ros/foxy/include/rclcpp/executors.hpp:21[m[K,
[2.869s]                  from [01m[K/opt/ros/foxy/include/rclcpp/rclcpp.hpp:146[m[K,
[2.869s]                  from [01m[K/home/long/tracker_ws/src/tutorial_pkg/src/my_first_node.cpp:3[m[K:
[2.869s] [01m[K/usr/include/c++/9/functional:212:34:[m[K [01;36m[Knote: [m[Kâ€˜[01m[Kstd::placeholders::_2[m[Kâ€™ declared here
[2.869s]   212 |     extern const _Placeholder<2> [01;36m[K_2[m[K;
[2.869s]       |                                  [01;36m[K^~[m[K
[2.887s] [01m[K/home/long/tracker_ws/src/tutorial_pkg/src/my_first_node.cpp:[m[K In member function â€˜[01m[Kvoid MyNode::counter_callback(std_srvs::srv::Trigger_Request_<std::allocator<void> >::SharedPtr, std_srvs::srv::Trigger_Response_<std::allocator<void> >::SharedPtr)[m[Kâ€™:
[2.887s] [01m[K/home/long/tracker_ws/src/tutorial_pkg/src/my_first_node.cpp:62:75:[m[K [01;35m[Kwarning: [m[Kunused parameter â€˜[01m[Kreq[m[Kâ€™ [[01;35m[K-Wunused-parameter[m[K]
[2.888s]    62 |    void counter_callback([01;35m[Kconst std_srvs::srv::Trigger::Request::SharedPtr req[m[K,
[2.888s]       |                          [01;35m[K~~~~~~~~~~~~~~~~~~~~~~~~~~~~~~~~~~~~~~~~~~~~~~~~~^~~[m[K
[4.679s] make[2]: *** [CMakeFiles/my_first_node.dir/build.make:63: CMakeFiles/my_first_node.dir/src/my_first_node.cpp.o] Error 1
[4.680s] make[1]: *** [CMakeFiles/Makefile2:78: CMakeFiles/my_first_node.dir/all] Error 2
[4.680s] make: *** [Makefile:141: all] Error 2
[4.682s] Invoked command in '/home/long/tracker_ws/build/tutorial_pkg' returned '2': CMAKE_PREFIX_PATH=${CMAKE_PREFIX_PATH}:/opt/ros/foxy /usr/bin/cmake --build /home/long/tracker_ws/build/tutorial_pkg -- -j4 -l4
