[0.553s] Invoking command in '/home/long/tracker_ws/build/tutorial_pkg': CMAKE_PREFIX_PATH=${CMAKE_PREFIX_PATH}:/opt/ros/foxy /usr/bin/cmake --build /home/long/tracker_ws/build/tutorial_pkg -- -j4 -l4
[0.582s] -- Found ament_cmake: 0.9.12 (/opt/ros/foxy/share/ament_cmake/cmake)
[0.609s] -- Using PYTHON_EXECUTABLE: /usr/bin/python3
[0.820s] -- Found rclcpp: 2.4.3 (/opt/ros/foxy/share/rclcpp/cmake)
[0.857s] -- Using all available rosidl_typesupport_c: rosidl_typesupport_fastrtps_c;rosidl_typesupport_introspection_c
[0.863s] -- Found rosidl_adapter: 1.3.1 (/opt/ros/foxy/share/rosidl_adapter/cmake)
[1.000s] -- Using all available rosidl_typesupport_cpp: rosidl_typesupport_fastrtps_cpp;rosidl_typesupport_introspection_cpp
[1.054s] -- Found rmw_implementation_cmake: 1.0.4 (/opt/ros/foxy/share/rmw_implementation_cmake/cmake)
[1.056s] -- Using RMW implementation 'rmw_fastrtps_cpp' as default
[1.218s] -- Found sensor_msgs: 2.0.5 (/opt/ros/foxy/share/sensor_msgs/cmake)
[1.410s] -- Configuring done
[1.420s] -- Generating done
[1.422s] -- Build files have been written to: /home/long/tracker_ws/build/tutorial_pkg
[1.453s] [35m[1mScanning dependencies of target my_first_node[0m
[1.484s] [ 50%] [32mBuilding CXX object CMakeFiles/my_first_node.dir/src/my_first_node.cpp.o[0m
[2.914s] [01m[K/home/long/tracker_ws/src/tutorial_pkg/src/my_first_node.cpp:[m[K In constructor â€˜[01m[KMyNode::MyNode()[m[Kâ€™:
[2.915s] [01m[K/home/long/tracker_ws/src/tutorial_pkg/src/my_first_node.cpp:11:90:[m[K [01;31m[Kerror: [m[Kâ€˜[01m[K_1[m[Kâ€™ was not declared in this scope; did you mean â€˜[01m[Kstd::placeholders::_1[m[Kâ€™?
[2.915s]    11 |          "/image_raw", rclcpp::SensorDataQoS(), std::bind(&MyNode::image_callback, this, [01;31m[K_1[m[K));
[2.915s]       |                                                                                          [01;31m[K^~[m[K
[2.915s]       |                                                                                          [32m[Kstd::placeholders::_1[m[K
[2.915s] In file included from [01m[K/opt/ros/foxy/include/rclcpp/context.hpp:19[m[K,
[2.915s]                  from [01m[K/opt/ros/foxy/include/rclcpp/contexts/default_context.hpp:18[m[K,
[2.915s]                  from [01m[K/opt/ros/foxy/include/rclcpp/executor.hpp:32[m[K,
[2.915s]                  from [01m[K/opt/ros/foxy/include/rclcpp/executors/multi_threaded_executor.hpp:26[m[K,
[2.915s]                  from [01m[K/opt/ros/foxy/include/rclcpp/executors.hpp:21[m[K,
[2.915s]                  from [01m[K/opt/ros/foxy/include/rclcpp/rclcpp.hpp:146[m[K,
[2.915s]                  from [01m[K/home/long/tracker_ws/src/tutorial_pkg/src/my_first_node.cpp:1[m[K:
[2.915s] [01m[K/usr/include/c++/9/functional:211:34:[m[K [01;36m[Knote: [m[Kâ€˜[01m[Kstd::placeholders::_1[m[Kâ€™ declared here
[2.915s]   211 |     extern const _Placeholder<1> [01;36m[K_1[m[K;
[2.915s]       |                                  [01;36m[K^~[m[K
[3.961s] make[2]: *** [CMakeFiles/my_first_node.dir/build.make:63: CMakeFiles/my_first_node.dir/src/my_first_node.cpp.o] Error 1
[3.961s] make[1]: *** [CMakeFiles/Makefile2:78: CMakeFiles/my_first_node.dir/all] Error 2
[3.961s] make: *** [Makefile:141: all] Error 2
[3.964s] Invoked command in '/home/long/tracker_ws/build/tutorial_pkg' returned '2': CMAKE_PREFIX_PATH=${CMAKE_PREFIX_PATH}:/opt/ros/foxy /usr/bin/cmake --build /home/long/tracker_ws/build/tutorial_pkg -- -j4 -l4
