[35m[1mScanning dependencies of target tracker[0m
[ 50%] Built target my_first_node
[ 75%] [32mBuilding CXX object CMakeFiles/tracker.dir/src/tracker.cpp.o[0m
[01m[K/home/long/tracker_ws/src/tutorial_pkg/src/tracker.cpp:[m[K In member function â€˜[01m[Kvoid Tracker::_designateControl(geometry_msgs::msg::Twist&, cv::Rect, uint32_t)[m[Kâ€™:
[01m[K/home/long/tracker_ws/src/tutorial_pkg/src/tracker.cpp:87:10:[m[K [01;31m[Kerror: [m[Kexpected â€˜[01m[K([m[Kâ€™ before â€˜[01m[Kelse[m[Kâ€™
   87 |     } if [01;31m[Ke[m[K[32m[Klse[m[K (obj_x_center > screen_center_x) {
      |          [01;31m[K^[m[K[32m[K~~~[m[K
      |          [32m[K([m[K
[01m[K/home/long/tracker_ws/src/tutorial_pkg/src/tracker.cpp:90:7:[m[K [01;31m[Kerror: [m[Kâ€˜[01m[Kelse[m[Kâ€™ without a previous â€˜[01m[Kif[m[Kâ€™
   90 |     } [01;31m[Kelse[m[K {
      |       [01;31m[K^~~~[m[K
make[2]: *** [CMakeFiles/tracker.dir/build.make:63: CMakeFiles/tracker.dir/src/tracker.cpp.o] Error 1
make[1]: *** [CMakeFiles/Makefile2:80: CMakeFiles/tracker.dir/all] Error 2
make: *** [Makefile:141: all] Error 2
