[0.451s] Invoking command in '/home/long/tracker_ws/build/tutorial_pkg': CMAKE_PREFIX_PATH=${CMAKE_PREFIX_PATH}:/opt/ros/foxy /usr/bin/cmake /home/long/tracker_ws/src/tutorial_pkg -DCMAKE_INSTALL_PREFIX=/home/long/tracker_ws/install/tutorial_pkg
[0.480s] -- Found OpenCV: /usr (found version "4.2.0") 
[0.482s] -- Found cv_bridge: 3.0.7 (/opt/ros/foxy/share/cv_bridge/cmake)
[0.505s] -- Using PYTHON_EXECUTABLE: /usr/bin/python3
[0.692s] -- Override CMake install command with custom implementation using symlinks instead of copying resources
[0.724s] -- Using all available rosidl_typesupport_c: rosidl_typesupport_fastrtps_c;rosidl_typesupport_introspection_c
[0.727s] -- Found rosidl_adapter: 1.3.1 (/opt/ros/foxy/share/rosidl_adapter/cmake)
[0.854s] -- Using all available rosidl_typesupport_cpp: rosidl_typesupport_fastrtps_cpp;rosidl_typesupport_introspection_cpp
[1.042s] -- Found rclcpp: 2.4.3 (/opt/ros/foxy/share/rclcpp/cmake)
[1.080s] -- Found rmw_implementation_cmake: 1.0.4 (/opt/ros/foxy/share/rmw_implementation_cmake/cmake)
[1.082s] -- Using RMW implementation 'rmw_fastrtps_cpp' as default
[1.224s] -- Found std_srvs: 2.0.5 (/opt/ros/foxy/share/std_srvs/cmake)
[1.310s] -- Configuring done
[1.339s] -- Generating done
[1.340s] -- Build files have been written to: /home/long/tracker_ws/build/tutorial_pkg
[1.349s] Invoked command in '/home/long/tracker_ws/build/tutorial_pkg' returned '0': CMAKE_PREFIX_PATH=${CMAKE_PREFIX_PATH}:/opt/ros/foxy /usr/bin/cmake /home/long/tracker_ws/src/tutorial_pkg -DCMAKE_INSTALL_PREFIX=/home/long/tracker_ws/install/tutorial_pkg
[1.352s] Invoking command in '/home/long/tracker_ws/build/tutorial_pkg': CMAKE_PREFIX_PATH=${CMAKE_PREFIX_PATH}:/opt/ros/foxy /usr/bin/cmake --build /home/long/tracker_ws/build/tutorial_pkg -- -j4 -l4
[1.396s] [35m[1mScanning dependencies of target tracker[0m
[1.397s] [35m[1mScanning dependencies of target my_first_node[0m
[1.411s] [ 25%] [32mBuilding CXX object CMakeFiles/tracker.dir/src/tracker.cpp.o[0m
[1.425s] [ 50%] [32mBuilding CXX object CMakeFiles/my_first_node.dir/src/my_first_node.cpp.o[0m
[1.442s] [ 75%] [32m[1mLinking CXX executable tracker[0m
[1.638s] /usr/bin/ld: /usr/lib/gcc/x86_64-linux-gnu/9/../../../x86_64-linux-gnu/Scrt1.o: in function `_start':
[1.638s] (.text+0x24): undefined reference to `main'
[1.638s] collect2: error: ld returned 1 exit status
[1.640s] make[2]: *** [CMakeFiles/tracker.dir/build.make:217: tracker] Error 1
[1.640s] make[1]: *** [CMakeFiles/Makefile2:80: CMakeFiles/tracker.dir/all] Error 2
[1.640s] make[1]: *** Waiting for unfinished jobs....
[2.787s] [01m[K/home/long/tracker_ws/src/tutorial_pkg/src/my_first_node.cpp:[m[K In member function â€˜[01m[Kvoid MyNode::counter_callback(std_srvs::srv::Trigger_Request_<std::allocator<void> >::SharedPtr, std_srvs::srv::Trigger_Response_<std::allocator<void> >::SharedPtr)[m[Kâ€™:
[2.787s] [01m[K/home/long/tracker_ws/src/tutorial_pkg/src/my_first_node.cpp:63:75:[m[K [01;35m[Kwarning: [m[Kunused parameter â€˜[01m[Kreq[m[Kâ€™ [[01;35m[K-Wunused-parameter[m[K]
[2.787s]    63 |    void counter_callback([01;35m[Kconst std_srvs::srv::Trigger::Request::SharedPtr req[m[K,
[2.787s]       |                          [01;35m[K~~~~~~~~~~~~~~~~~~~~~~~~~~~~~~~~~~~~~~~~~~~~~~~~~^~~[m[K
[7.811s] [100%] [32m[1mLinking CXX executable my_first_node[0m
[8.160s] [100%] Built target my_first_node
[8.161s] make: *** [Makefile:141: all] Error 2
[8.164s] Invoked command in '/home/long/tracker_ws/build/tutorial_pkg' returned '2': CMAKE_PREFIX_PATH=${CMAKE_PREFIX_PATH}:/opt/ros/foxy /usr/bin/cmake --build /home/long/tracker_ws/build/tutorial_pkg -- -j4 -l4
